{"E:\\coding\\demos\\decorator-stage-3\\src\\index.ts": {"path":"E:\\coding\\demos\\decorator-stage-3\\src\\index.ts","all":false,"statementMap":{"0":{"start":{"line":1,"column":0},"end":{"line":1,"column":22}},"1":{"start":{"line":2,"column":0},"end":{"line":2,"column":16}},"2":{"start":{"line":3,"column":0},"end":{"line":3,"column":33}},"3":{"start":{"line":4,"column":0},"end":{"line":4,"column":40}},"4":{"start":{"line":5,"column":0},"end":{"line":5,"column":5}},"5":{"start":{"line":6,"column":0},"end":{"line":6,"column":1}},"6":{"start":{"line":7,"column":0},"end":{"line":7,"column":19}},"7":{"start":{"line":8,"column":0},"end":{"line":8,"column":45}},"8":{"start":{"line":9,"column":0},"end":{"line":9,"column":23}},"9":{"start":{"line":10,"column":0},"end":{"line":10,"column":47}},"10":{"start":{"line":11,"column":0},"end":{"line":11,"column":1}},"11":{"start":{"line":12,"column":0},"end":{"line":12,"column":0}},"12":{"start":{"line":13,"column":0},"end":{"line":13,"column":41}},"13":{"start":{"line":14,"column":0},"end":{"line":14,"column":0}},"14":{"start":{"line":15,"column":0},"end":{"line":15,"column":0}},"15":{"start":{"line":16,"column":0},"end":{"line":16,"column":43}},"16":{"start":{"line":17,"column":0},"end":{"line":17,"column":51}},"17":{"start":{"line":18,"column":0},"end":{"line":18,"column":0}},"18":{"start":{"line":19,"column":0},"end":{"line":19,"column":58}},"19":{"start":{"line":20,"column":0},"end":{"line":20,"column":0}},"20":{"start":{"line":21,"column":0},"end":{"line":21,"column":29}},"21":{"start":{"line":22,"column":0},"end":{"line":22,"column":19}},"22":{"start":{"line":23,"column":0},"end":{"line":23,"column":14}},"23":{"start":{"line":24,"column":0},"end":{"line":24,"column":13}},"24":{"start":{"line":25,"column":0},"end":{"line":25,"column":1}},"25":{"start":{"line":26,"column":0},"end":{"line":26,"column":0}},"26":{"start":{"line":27,"column":0},"end":{"line":27,"column":21}},"27":{"start":{"line":28,"column":0},"end":{"line":28,"column":31}},"28":{"start":{"line":29,"column":0},"end":{"line":29,"column":23}},"29":{"start":{"line":30,"column":0},"end":{"line":30,"column":40}},"30":{"start":{"line":31,"column":0},"end":{"line":31,"column":1}},"31":{"start":{"line":32,"column":0},"end":{"line":32,"column":0}},"32":{"start":{"line":33,"column":0},"end":{"line":33,"column":0}},"33":{"start":{"line":34,"column":0},"end":{"line":34,"column":29}},"34":{"start":{"line":35,"column":0},"end":{"line":35,"column":39}},"35":{"start":{"line":36,"column":0},"end":{"line":36,"column":18}},"36":{"start":{"line":37,"column":0},"end":{"line":37,"column":45}},"37":{"start":{"line":38,"column":0},"end":{"line":38,"column":0}},"38":{"start":{"line":39,"column":0},"end":{"line":39,"column":1}},"39":{"start":{"line":40,"column":0},"end":{"line":40,"column":0}},"40":{"start":{"line":41,"column":0},"end":{"line":41,"column":11}},"41":{"start":{"line":42,"column":0},"end":{"line":42,"column":81}},"42":{"start":{"line":43,"column":0},"end":{"line":43,"column":27}},"43":{"start":{"line":44,"column":0},"end":{"line":44,"column":60}},"44":{"start":{"line":45,"column":0},"end":{"line":45,"column":5}},"45":{"start":{"line":46,"column":0},"end":{"line":46,"column":0}},"46":{"start":{"line":47,"column":0},"end":{"line":47,"column":66}},"47":{"start":{"line":48,"column":0},"end":{"line":48,"column":1}},"48":{"start":{"line":49,"column":0},"end":{"line":49,"column":0}},"49":{"start":{"line":50,"column":0},"end":{"line":50,"column":0}},"50":{"start":{"line":51,"column":0},"end":{"line":51,"column":28}},"51":{"start":{"line":52,"column":0},"end":{"line":52,"column":46}},"52":{"start":{"line":53,"column":0},"end":{"line":53,"column":33}},"53":{"start":{"line":54,"column":0},"end":{"line":54,"column":0}},"54":{"start":{"line":55,"column":0},"end":{"line":55,"column":34}},"55":{"start":{"line":56,"column":0},"end":{"line":56,"column":65}},"56":{"start":{"line":57,"column":0},"end":{"line":57,"column":5}},"57":{"start":{"line":58,"column":0},"end":{"line":58,"column":0}},"58":{"start":{"line":59,"column":0},"end":{"line":59,"column":58}},"59":{"start":{"line":60,"column":0},"end":{"line":60,"column":0}},"60":{"start":{"line":61,"column":0},"end":{"line":61,"column":18}},"61":{"start":{"line":62,"column":0},"end":{"line":62,"column":38}},"62":{"start":{"line":63,"column":0},"end":{"line":63,"column":39}},"63":{"start":{"line":64,"column":0},"end":{"line":64,"column":5}},"64":{"start":{"line":65,"column":0},"end":{"line":65,"column":0}},"65":{"start":{"line":66,"column":0},"end":{"line":66,"column":48}},"66":{"start":{"line":67,"column":0},"end":{"line":67,"column":83}},"67":{"start":{"line":68,"column":0},"end":{"line":68,"column":5}},"68":{"start":{"line":69,"column":0},"end":{"line":69,"column":0}},"69":{"start":{"line":70,"column":0},"end":{"line":70,"column":23}},"70":{"start":{"line":71,"column":0},"end":{"line":71,"column":52}},"71":{"start":{"line":72,"column":0},"end":{"line":72,"column":1}},"72":{"start":{"line":73,"column":0},"end":{"line":73,"column":0}},"73":{"start":{"line":74,"column":0},"end":{"line":74,"column":24}},"74":{"start":{"line":75,"column":0},"end":{"line":75,"column":22}},"75":{"start":{"line":76,"column":0},"end":{"line":76,"column":78}},"76":{"start":{"line":77,"column":0},"end":{"line":77,"column":25}},"77":{"start":{"line":78,"column":0},"end":{"line":78,"column":27}},"78":{"start":{"line":79,"column":0},"end":{"line":79,"column":3}},"79":{"start":{"line":80,"column":0},"end":{"line":80,"column":65}},"80":{"start":{"line":81,"column":0},"end":{"line":81,"column":63}},"81":{"start":{"line":82,"column":0},"end":{"line":82,"column":0}},"82":{"start":{"line":83,"column":0},"end":{"line":83,"column":33}},"83":{"start":{"line":84,"column":0},"end":{"line":84,"column":75}},"84":{"start":{"line":85,"column":0},"end":{"line":85,"column":9}},"85":{"start":{"line":86,"column":0},"end":{"line":86,"column":0}},"86":{"start":{"line":87,"column":0},"end":{"line":87,"column":22}},"87":{"start":{"line":88,"column":0},"end":{"line":88,"column":34}},"88":{"start":{"line":89,"column":0},"end":{"line":89,"column":0}},"89":{"start":{"line":90,"column":0},"end":{"line":90,"column":20}},"90":{"start":{"line":91,"column":0},"end":{"line":91,"column":31}},"91":{"start":{"line":92,"column":0},"end":{"line":92,"column":5}},"92":{"start":{"line":93,"column":0},"end":{"line":93,"column":1}},"93":{"start":{"line":94,"column":0},"end":{"line":94,"column":0}},"94":{"start":{"line":95,"column":0},"end":{"line":95,"column":14}},"95":{"start":{"line":96,"column":0},"end":{"line":96,"column":49}},"96":{"start":{"line":97,"column":0},"end":{"line":97,"column":91}},"97":{"start":{"line":98,"column":0},"end":{"line":98,"column":39}},"98":{"start":{"line":99,"column":0},"end":{"line":99,"column":5}},"99":{"start":{"line":100,"column":0},"end":{"line":100,"column":1}},"100":{"start":{"line":101,"column":0},"end":{"line":101,"column":0}},"101":{"start":{"line":102,"column":0},"end":{"line":102,"column":52}},"102":{"start":{"line":103,"column":0},"end":{"line":103,"column":97}},"103":{"start":{"line":104,"column":0},"end":{"line":104,"column":55}},"104":{"start":{"line":105,"column":0},"end":{"line":105,"column":5}},"105":{"start":{"line":106,"column":0},"end":{"line":106,"column":1}},"106":{"start":{"line":107,"column":0},"end":{"line":107,"column":0}},"107":{"start":{"line":108,"column":0},"end":{"line":108,"column":0}},"108":{"start":{"line":109,"column":0},"end":{"line":109,"column":48}},"109":{"start":{"line":110,"column":0},"end":{"line":110,"column":24}},"110":{"start":{"line":111,"column":0},"end":{"line":111,"column":11}},"111":{"start":{"line":112,"column":0},"end":{"line":112,"column":68}},"112":{"start":{"line":113,"column":0},"end":{"line":113,"column":0}},"113":{"start":{"line":114,"column":0},"end":{"line":114,"column":12}},"114":{"start":{"line":115,"column":0},"end":{"line":115,"column":49}},"115":{"start":{"line":116,"column":0},"end":{"line":116,"column":0}},"116":{"start":{"line":117,"column":0},"end":{"line":117,"column":14}},"117":{"start":{"line":118,"column":0},"end":{"line":118,"column":52}},"118":{"start":{"line":119,"column":0},"end":{"line":119,"column":0}},"119":{"start":{"line":120,"column":0},"end":{"line":120,"column":31}},"120":{"start":{"line":121,"column":0},"end":{"line":121,"column":66}},"121":{"start":{"line":122,"column":0},"end":{"line":122,"column":44}},"122":{"start":{"line":123,"column":0},"end":{"line":123,"column":65}},"123":{"start":{"line":124,"column":0},"end":{"line":124,"column":9}},"124":{"start":{"line":125,"column":0},"end":{"line":125,"column":0}},"125":{"start":{"line":126,"column":0},"end":{"line":126,"column":37}},"126":{"start":{"line":127,"column":0},"end":{"line":127,"column":46}},"127":{"start":{"line":128,"column":0},"end":{"line":128,"column":16}},"128":{"start":{"line":129,"column":0},"end":{"line":129,"column":42}},"129":{"start":{"line":130,"column":0},"end":{"line":130,"column":9}},"130":{"start":{"line":131,"column":0},"end":{"line":131,"column":5}},"131":{"start":{"line":132,"column":0},"end":{"line":132,"column":0}},"132":{"start":{"line":133,"column":0},"end":{"line":133,"column":21}},"133":{"start":{"line":134,"column":0},"end":{"line":134,"column":37}},"134":{"start":{"line":135,"column":0},"end":{"line":135,"column":44}},"135":{"start":{"line":136,"column":0},"end":{"line":136,"column":5}},"136":{"start":{"line":137,"column":0},"end":{"line":137,"column":0}},"137":{"start":{"line":138,"column":0},"end":{"line":138,"column":23}},"138":{"start":{"line":139,"column":0},"end":{"line":139,"column":42}},"139":{"start":{"line":140,"column":0},"end":{"line":140,"column":45}},"140":{"start":{"line":141,"column":0},"end":{"line":141,"column":5}},"141":{"start":{"line":142,"column":0},"end":{"line":142,"column":0}},"142":{"start":{"line":143,"column":0},"end":{"line":143,"column":18}},"143":{"start":{"line":144,"column":0},"end":{"line":144,"column":24}},"144":{"start":{"line":145,"column":0},"end":{"line":145,"column":77}},"145":{"start":{"line":146,"column":0},"end":{"line":146,"column":27}},"146":{"start":{"line":147,"column":0},"end":{"line":147,"column":46}},"147":{"start":{"line":148,"column":0},"end":{"line":148,"column":0}},"148":{"start":{"line":149,"column":0},"end":{"line":149,"column":0}},"149":{"start":{"line":150,"column":0},"end":{"line":150,"column":30}},"150":{"start":{"line":151,"column":0},"end":{"line":151,"column":69}},"151":{"start":{"line":152,"column":0},"end":{"line":152,"column":9}},"152":{"start":{"line":153,"column":0},"end":{"line":153,"column":0}},"153":{"start":{"line":154,"column":0},"end":{"line":154,"column":46}},"154":{"start":{"line":155,"column":0},"end":{"line":155,"column":76}},"155":{"start":{"line":156,"column":0},"end":{"line":156,"column":9}},"156":{"start":{"line":157,"column":0},"end":{"line":157,"column":0}},"157":{"start":{"line":158,"column":0},"end":{"line":158,"column":16}},"158":{"start":{"line":159,"column":0},"end":{"line":159,"column":23}},"159":{"start":{"line":160,"column":0},"end":{"line":160,"column":62}},"160":{"start":{"line":161,"column":0},"end":{"line":161,"column":45}},"161":{"start":{"line":162,"column":0},"end":{"line":162,"column":5}},"162":{"start":{"line":163,"column":0},"end":{"line":163,"column":0}},"163":{"start":{"line":164,"column":0},"end":{"line":164,"column":0}},"164":{"start":{"line":165,"column":0},"end":{"line":165,"column":12}},"165":{"start":{"line":166,"column":0},"end":{"line":166,"column":49}},"166":{"start":{"line":167,"column":0},"end":{"line":167,"column":16}},"167":{"start":{"line":168,"column":0},"end":{"line":168,"column":38}},"168":{"start":{"line":169,"column":0},"end":{"line":169,"column":42}},"169":{"start":{"line":170,"column":0},"end":{"line":170,"column":9}},"170":{"start":{"line":171,"column":0},"end":{"line":171,"column":0}},"171":{"start":{"line":172,"column":0},"end":{"line":172,"column":0}},"172":{"start":{"line":173,"column":0},"end":{"line":173,"column":44}},"173":{"start":{"line":174,"column":0},"end":{"line":174,"column":65}},"174":{"start":{"line":175,"column":0},"end":{"line":175,"column":9}},"175":{"start":{"line":176,"column":0},"end":{"line":176,"column":0}},"176":{"start":{"line":177,"column":0},"end":{"line":177,"column":42}},"177":{"start":{"line":178,"column":0},"end":{"line":178,"column":72}},"178":{"start":{"line":179,"column":0},"end":{"line":179,"column":72}},"179":{"start":{"line":180,"column":0},"end":{"line":180,"column":94}},"180":{"start":{"line":181,"column":0},"end":{"line":181,"column":0}},"181":{"start":{"line":182,"column":0},"end":{"line":182,"column":62}},"182":{"start":{"line":183,"column":0},"end":{"line":183,"column":67}},"183":{"start":{"line":184,"column":0},"end":{"line":184,"column":9}},"184":{"start":{"line":185,"column":0},"end":{"line":185,"column":0}},"185":{"start":{"line":186,"column":0},"end":{"line":186,"column":36}},"186":{"start":{"line":187,"column":0},"end":{"line":187,"column":64}},"187":{"start":{"line":188,"column":0},"end":{"line":188,"column":0}},"188":{"start":{"line":189,"column":0},"end":{"line":189,"column":13}},"189":{"start":{"line":190,"column":0},"end":{"line":190,"column":64}},"190":{"start":{"line":191,"column":0},"end":{"line":191,"column":39}},"191":{"start":{"line":192,"column":0},"end":{"line":192,"column":9}},"192":{"start":{"line":193,"column":0},"end":{"line":193,"column":0}},"193":{"start":{"line":194,"column":0},"end":{"line":194,"column":14}},"194":{"start":{"line":195,"column":0},"end":{"line":195,"column":35}},"195":{"start":{"line":196,"column":0},"end":{"line":196,"column":0}},"196":{"start":{"line":197,"column":0},"end":{"line":197,"column":28}},"197":{"start":{"line":198,"column":0},"end":{"line":198,"column":41}},"198":{"start":{"line":199,"column":0},"end":{"line":199,"column":0}},"199":{"start":{"line":200,"column":0},"end":{"line":200,"column":13}},"200":{"start":{"line":201,"column":0},"end":{"line":201,"column":80}},"201":{"start":{"line":202,"column":0},"end":{"line":202,"column":37}},"202":{"start":{"line":203,"column":0},"end":{"line":203,"column":15}},"203":{"start":{"line":204,"column":0},"end":{"line":204,"column":67}},"204":{"start":{"line":205,"column":0},"end":{"line":205,"column":62}},"205":{"start":{"line":206,"column":0},"end":{"line":206,"column":64}},"206":{"start":{"line":207,"column":0},"end":{"line":207,"column":77}},"207":{"start":{"line":208,"column":0},"end":{"line":208,"column":0}},"208":{"start":{"line":209,"column":0},"end":{"line":209,"column":34}},"209":{"start":{"line":210,"column":0},"end":{"line":210,"column":52}},"210":{"start":{"line":211,"column":0},"end":{"line":211,"column":55}},"211":{"start":{"line":212,"column":0},"end":{"line":212,"column":17}},"212":{"start":{"line":213,"column":0},"end":{"line":213,"column":13}},"213":{"start":{"line":214,"column":0},"end":{"line":214,"column":0}},"214":{"start":{"line":215,"column":0},"end":{"line":215,"column":44}},"215":{"start":{"line":216,"column":0},"end":{"line":216,"column":46}},"216":{"start":{"line":217,"column":0},"end":{"line":217,"column":13}},"217":{"start":{"line":218,"column":0},"end":{"line":218,"column":19}},"218":{"start":{"line":219,"column":0},"end":{"line":219,"column":38}},"219":{"start":{"line":220,"column":0},"end":{"line":220,"column":9}},"220":{"start":{"line":221,"column":0},"end":{"line":221,"column":0}},"221":{"start":{"line":222,"column":0},"end":{"line":222,"column":23}},"222":{"start":{"line":223,"column":0},"end":{"line":223,"column":5}},"223":{"start":{"line":224,"column":0},"end":{"line":224,"column":1}}},"s":{"0":1,"1":1,"2":1,"3":1,"4":1,"5":1,"6":1,"7":1,"8":1,"9":1,"10":1,"11":1,"12":1,"13":1,"14":1,"15":1,"16":1,"17":1,"18":1,"19":1,"20":1,"21":1,"22":1,"23":1,"24":1,"25":1,"26":1,"27":1,"28":1,"29":1,"30":1,"31":1,"32":1,"33":1,"34":1,"35":1,"36":1,"37":1,"38":1,"39":1,"40":1,"41":12,"42":12,"43":0,"44":0,"45":12,"46":12,"47":12,"48":1,"49":1,"50":1,"51":3,"52":3,"53":3,"54":3,"55":0,"56":0,"57":3,"58":3,"59":3,"60":3,"61":3,"62":3,"63":3,"64":3,"65":3,"66":0,"67":0,"68":3,"69":3,"70":3,"71":3,"72":1,"73":1,"74":1,"75":9,"76":9,"77":9,"78":9,"79":9,"80":9,"81":9,"82":9,"83":0,"84":0,"85":9,"86":9,"87":9,"88":9,"89":9,"90":9,"91":9,"92":9,"93":1,"94":1,"95":2,"96":2,"97":2,"98":2,"99":2,"100":1,"101":1,"102":1,"103":1,"104":1,"105":1,"106":1,"107":1,"108":1,"109":6,"110":6,"111":6,"112":6,"113":6,"114":6,"115":6,"116":6,"117":6,"118":6,"119":6,"120":6,"121":10,"122":1,"123":1,"124":9,"125":10,"126":2,"127":10,"128":7,"129":7,"130":10,"131":6,"132":6,"133":6,"134":9,"135":9,"136":6,"137":6,"138":6,"139":3,"140":3,"141":6,"142":6,"143":6,"144":6,"145":12,"146":12,"147":12,"148":12,"149":12,"150":0,"151":0,"152":12,"153":12,"154":0,"155":0,"156":12,"157":12,"158":12,"159":12,"160":12,"161":12,"162":6,"163":6,"164":6,"165":6,"166":15,"167":15,"168":1,"169":1,"170":14,"171":14,"172":15,"173":0,"174":0,"175":14,"176":14,"177":14,"178":14,"179":14,"180":14,"181":15,"182":0,"183":0,"184":14,"185":14,"186":14,"187":14,"188":14,"189":15,"190":4,"191":4,"192":10,"193":10,"194":10,"195":10,"196":10,"197":10,"198":10,"199":10,"200":10,"201":15,"202":3,"203":3,"204":3,"205":3,"206":3,"207":3,"208":3,"209":3,"210":3,"211":3,"212":3,"213":10,"214":15,"215":8,"216":8,"217":15,"218":10,"219":10,"220":10,"221":10,"222":10,"223":6},"branchMap":{"0":{"type":"branch","line":22,"loc":{"start":{"line":22,"column":0},"end":{"line":25,"column":1}},"locations":[{"start":{"line":22,"column":0},"end":{"line":25,"column":1}}]},"1":{"type":"branch","line":42,"loc":{"start":{"line":42,"column":0},"end":{"line":48,"column":1}},"locations":[{"start":{"line":42,"column":0},"end":{"line":48,"column":1}}]},"2":{"type":"branch","line":43,"loc":{"start":{"line":43,"column":26},"end":{"line":45,"column":5}},"locations":[{"start":{"line":43,"column":26},"end":{"line":45,"column":5}}]},"3":{"type":"branch","line":47,"loc":{"start":{"line":47,"column":33},"end":{"line":47,"column":66}},"locations":[{"start":{"line":47,"column":33},"end":{"line":47,"column":66}}]},"4":{"type":"branch","line":52,"loc":{"start":{"line":52,"column":0},"end":{"line":72,"column":1}},"locations":[{"start":{"line":52,"column":0},"end":{"line":72,"column":1}}]},"5":{"type":"branch","line":55,"loc":{"start":{"line":55,"column":33},"end":{"line":57,"column":5}},"locations":[{"start":{"line":55,"column":33},"end":{"line":57,"column":5}}]},"6":{"type":"branch","line":66,"loc":{"start":{"line":66,"column":47},"end":{"line":68,"column":5}},"locations":[{"start":{"line":66,"column":47},"end":{"line":68,"column":5}}]},"7":{"type":"branch","line":76,"loc":{"start":{"line":76,"column":0},"end":{"line":93,"column":1}},"locations":[{"start":{"line":76,"column":0},"end":{"line":93,"column":1}}]},"8":{"type":"branch","line":80,"loc":{"start":{"line":80,"column":11},"end":{"line":92,"column":5}},"locations":[{"start":{"line":80,"column":11},"end":{"line":92,"column":5}}]},"9":{"type":"branch","line":83,"loc":{"start":{"line":83,"column":32},"end":{"line":85,"column":9}},"locations":[{"start":{"line":83,"column":32},"end":{"line":85,"column":9}}]},"10":{"type":"branch","line":96,"loc":{"start":{"line":96,"column":0},"end":{"line":100,"column":1}},"locations":[{"start":{"line":96,"column":0},"end":{"line":100,"column":1}}]},"11":{"type":"branch","line":97,"loc":{"start":{"line":97,"column":11},"end":{"line":99,"column":5}},"locations":[{"start":{"line":97,"column":11},"end":{"line":99,"column":5}}]},"12":{"type":"branch","line":102,"loc":{"start":{"line":102,"column":0},"end":{"line":106,"column":1}},"locations":[{"start":{"line":102,"column":0},"end":{"line":106,"column":1}}]},"13":{"type":"branch","line":103,"loc":{"start":{"line":103,"column":11},"end":{"line":105,"column":5}},"locations":[{"start":{"line":103,"column":11},"end":{"line":105,"column":5}}]},"14":{"type":"branch","line":110,"loc":{"start":{"line":110,"column":0},"end":{"line":224,"column":1}},"locations":[{"start":{"line":110,"column":0},"end":{"line":224,"column":1}}]},"15":{"type":"branch","line":121,"loc":{"start":{"line":121,"column":4},"end":{"line":131,"column":5}},"locations":[{"start":{"line":121,"column":4},"end":{"line":131,"column":5}}]},"16":{"type":"branch","line":122,"loc":{"start":{"line":122,"column":43},"end":{"line":124,"column":9}},"locations":[{"start":{"line":122,"column":43},"end":{"line":124,"column":9}}]},"17":{"type":"branch","line":125,"loc":{"start":{"line":125,"column":-1},"end":{"line":126,"column":36}},"locations":[{"start":{"line":125,"column":-1},"end":{"line":126,"column":36}}]},"18":{"type":"branch","line":126,"loc":{"start":{"line":126,"column":36},"end":{"line":128,"column":9}},"locations":[{"start":{"line":126,"column":36},"end":{"line":128,"column":9}}]},"19":{"type":"branch","line":128,"loc":{"start":{"line":128,"column":9},"end":{"line":130,"column":9}},"locations":[{"start":{"line":128,"column":9},"end":{"line":130,"column":9}}]},"20":{"type":"branch","line":134,"loc":{"start":{"line":134,"column":4},"end":{"line":136,"column":5}},"locations":[{"start":{"line":134,"column":4},"end":{"line":136,"column":5}}]},"21":{"type":"branch","line":139,"loc":{"start":{"line":139,"column":4},"end":{"line":141,"column":5}},"locations":[{"start":{"line":139,"column":4},"end":{"line":141,"column":5}}]},"22":{"type":"branch","line":145,"loc":{"start":{"line":145,"column":12},"end":{"line":162,"column":5}},"locations":[{"start":{"line":145,"column":12},"end":{"line":162,"column":5}}]},"23":{"type":"branch","line":150,"loc":{"start":{"line":150,"column":29},"end":{"line":152,"column":9}},"locations":[{"start":{"line":150,"column":29},"end":{"line":152,"column":9}}]},"24":{"type":"branch","line":154,"loc":{"start":{"line":154,"column":21},"end":{"line":154,"column":43}},"locations":[{"start":{"line":154,"column":21},"end":{"line":154,"column":43}}]},"25":{"type":"branch","line":154,"loc":{"start":{"line":154,"column":45},"end":{"line":156,"column":9}},"locations":[{"start":{"line":154,"column":45},"end":{"line":156,"column":9}}]},"26":{"type":"branch","line":160,"loc":{"start":{"line":160,"column":12},"end":{"line":160,"column":62}},"locations":[{"start":{"line":160,"column":12},"end":{"line":160,"column":62}}]},"27":{"type":"branch","line":161,"loc":{"start":{"line":161,"column":12},"end":{"line":161,"column":45}},"locations":[{"start":{"line":161,"column":12},"end":{"line":161,"column":45}}]},"28":{"type":"branch","line":160,"loc":{"start":{"line":160,"column":26},"end":{"line":160,"column":61}},"locations":[{"start":{"line":160,"column":26},"end":{"line":160,"column":61}}]},"29":{"type":"branch","line":166,"loc":{"start":{"line":166,"column":12},"end":{"line":223,"column":5}},"locations":[{"start":{"line":166,"column":12},"end":{"line":223,"column":5}}]},"30":{"type":"branch","line":168,"loc":{"start":{"line":168,"column":37},"end":{"line":170,"column":9}},"locations":[{"start":{"line":168,"column":37},"end":{"line":170,"column":9}}]},"31":{"type":"branch","line":171,"loc":{"start":{"line":171,"column":-1},"end":{"line":173,"column":43}},"locations":[{"start":{"line":171,"column":-1},"end":{"line":173,"column":43}}]},"32":{"type":"branch","line":173,"loc":{"start":{"line":173,"column":43},"end":{"line":175,"column":9}},"locations":[{"start":{"line":173,"column":43},"end":{"line":175,"column":9}}]},"33":{"type":"branch","line":176,"loc":{"start":{"line":176,"column":-1},"end":{"line":182,"column":59}},"locations":[{"start":{"line":176,"column":-1},"end":{"line":182,"column":59}}]},"34":{"type":"branch","line":182,"loc":{"start":{"line":182,"column":61},"end":{"line":184,"column":9}},"locations":[{"start":{"line":182,"column":61},"end":{"line":184,"column":9}}]},"35":{"type":"branch","line":185,"loc":{"start":{"line":185,"column":-1},"end":{"line":190,"column":41}},"locations":[{"start":{"line":185,"column":-1},"end":{"line":190,"column":41}}]},"36":{"type":"branch","line":190,"loc":{"start":{"line":190,"column":37},"end":{"line":190,"column":61}},"locations":[{"start":{"line":190,"column":37},"end":{"line":190,"column":61}}]},"37":{"type":"branch","line":190,"loc":{"start":{"line":190,"column":63},"end":{"line":192,"column":9}},"locations":[{"start":{"line":190,"column":63},"end":{"line":192,"column":9}}]},"38":{"type":"branch","line":193,"loc":{"start":{"line":193,"column":-1},"end":{"line":202,"column":36}},"locations":[{"start":{"line":193,"column":-1},"end":{"line":202,"column":36}}]},"39":{"type":"branch","line":202,"loc":{"start":{"line":202,"column":36},"end":{"line":213,"column":13}},"locations":[{"start":{"line":202,"column":36},"end":{"line":213,"column":13}}]},"40":{"type":"branch","line":207,"loc":{"start":{"line":207,"column":43},"end":{"line":207,"column":61}},"locations":[{"start":{"line":207,"column":43},"end":{"line":207,"column":61}}]},"41":{"type":"branch","line":207,"loc":{"start":{"line":207,"column":62},"end":{"line":207,"column":77}},"locations":[{"start":{"line":207,"column":62},"end":{"line":207,"column":77}}]},"42":{"type":"branch","line":214,"loc":{"start":{"line":214,"column":-1},"end":{"line":215,"column":43}},"locations":[{"start":{"line":214,"column":-1},"end":{"line":215,"column":43}}]},"43":{"type":"branch","line":215,"loc":{"start":{"line":215,"column":43},"end":{"line":217,"column":13}},"locations":[{"start":{"line":215,"column":43},"end":{"line":217,"column":13}}]},"44":{"type":"branch","line":218,"loc":{"start":{"line":218,"column":18},"end":{"line":223,"column":5}},"locations":[{"start":{"line":218,"column":18},"end":{"line":223,"column":5}}]}},"b":{"0":[1],"1":[12],"2":[0],"3":[9],"4":[3],"5":[0],"6":[0],"7":[9],"8":[9],"9":[0],"10":[2],"11":[2],"12":[1],"13":[1],"14":[6],"15":[10],"16":[1],"17":[9],"18":[2],"19":[7],"20":[9],"21":[3],"22":[12],"23":[0],"24":[9],"25":[0],"26":[3],"27":[9],"28":[6],"29":[15],"30":[1],"31":[14],"32":[0],"33":[14],"34":[0],"35":[14],"36":[12],"37":[4],"38":[10],"39":[3],"40":[1],"41":[2],"42":[10],"43":[8],"44":[10]},"fnMap":{"0":{"name":"getOrCreateMetadata","decl":{"start":{"line":42,"column":0},"end":{"line":48,"column":1}},"loc":{"start":{"line":42,"column":0},"end":{"line":48,"column":1}},"line":42},"1":{"name":"injectToField","decl":{"start":{"line":52,"column":0},"end":{"line":72,"column":1}},"loc":{"start":{"line":52,"column":0},"end":{"line":72,"column":1}},"line":52},"2":{"name":"injectable","decl":{"start":{"line":76,"column":0},"end":{"line":93,"column":1}},"loc":{"start":{"line":76,"column":0},"end":{"line":93,"column":1}},"line":76},"3":{"name":"inject","decl":{"start":{"line":96,"column":0},"end":{"line":100,"column":1}},"loc":{"start":{"line":96,"column":0},"end":{"line":100,"column":1}},"line":96},"4":{"name":"injectAll","decl":{"start":{"line":102,"column":0},"end":{"line":106,"column":1}},"loc":{"start":{"line":102,"column":0},"end":{"line":106,"column":1}},"line":102},"5":{"name":"<instance_members_initializer>","decl":{"start":{"line":110,"column":0},"end":{"line":224,"column":1}},"loc":{"start":{"line":110,"column":0},"end":{"line":224,"column":1}},"line":110},"6":{"name":"bind","decl":{"start":{"line":121,"column":4},"end":{"line":131,"column":5}},"loc":{"start":{"line":121,"column":4},"end":{"line":131,"column":5}},"line":121},"7":{"name":"get","decl":{"start":{"line":134,"column":4},"end":{"line":136,"column":5}},"loc":{"start":{"line":134,"column":4},"end":{"line":136,"column":5}},"line":134},"8":{"name":"getAll","decl":{"start":{"line":139,"column":4},"end":{"line":141,"column":5}},"loc":{"start":{"line":139,"column":4},"end":{"line":141,"column":5}},"line":139},"9":{"name":"resolve","decl":{"start":{"line":145,"column":12},"end":{"line":162,"column":5}},"loc":{"start":{"line":145,"column":12},"end":{"line":162,"column":5}},"line":145},"10":{"name":"createInstance","decl":{"start":{"line":166,"column":12},"end":{"line":223,"column":5}},"loc":{"start":{"line":166,"column":12},"end":{"line":223,"column":5}},"line":166}},"f":{"0":12,"1":3,"2":9,"3":2,"4":1,"5":6,"6":10,"7":9,"8":3,"9":12,"10":15}}
}
