TN:
SF:src\index.ts
FN:42,getOrCreateMetadata
FN:52,injectToField
FN:76,injectable
FN:96,inject
FN:102,injectAll
FN:110,<instance_members_initializer>
FN:121,bind
FN:134,get
FN:139,getAll
FN:145,resolve
FN:166,createInstance
FNF:11
FNH:11
FNDA:12,getOrCreateMetadata
FNDA:3,injectToField
FNDA:9,injectable
FNDA:2,inject
FNDA:1,injectAll
FNDA:6,<instance_members_initializer>
FNDA:10,bind
FNDA:9,get
FNDA:3,getAll
FNDA:12,resolve
FNDA:15,createInstance
DA:1,1
DA:2,1
DA:3,1
DA:4,1
DA:5,1
DA:6,1
DA:7,1
DA:8,1
DA:9,1
DA:10,1
DA:11,1
DA:12,1
DA:13,1
DA:14,1
DA:15,1
DA:16,1
DA:17,1
DA:18,1
DA:19,1
DA:20,1
DA:21,1
DA:22,1
DA:23,1
DA:24,1
DA:25,1
DA:26,1
DA:27,1
DA:28,1
DA:29,1
DA:30,1
DA:31,1
DA:32,1
DA:33,1
DA:34,1
DA:35,1
DA:36,1
DA:37,1
DA:38,1
DA:39,1
DA:40,1
DA:41,1
DA:42,12
DA:43,12
DA:44,0
DA:45,0
DA:46,12
DA:47,12
DA:48,12
DA:49,1
DA:50,1
DA:51,1
DA:52,3
DA:53,3
DA:54,3
DA:55,3
DA:56,0
DA:57,0
DA:58,3
DA:59,3
DA:60,3
DA:61,3
DA:62,3
DA:63,3
DA:64,3
DA:65,3
DA:66,3
DA:67,0
DA:68,0
DA:69,3
DA:70,3
DA:71,3
DA:72,3
DA:73,1
DA:74,1
DA:75,1
DA:76,9
DA:77,9
DA:78,9
DA:79,9
DA:80,9
DA:81,9
DA:82,9
DA:83,9
DA:84,0
DA:85,0
DA:86,9
DA:87,9
DA:88,9
DA:89,9
DA:90,9
DA:91,9
DA:92,9
DA:93,9
DA:94,1
DA:95,1
DA:96,2
DA:97,2
DA:98,2
DA:99,2
DA:100,2
DA:101,1
DA:102,1
DA:103,1
DA:104,1
DA:105,1
DA:106,1
DA:107,1
DA:108,1
DA:109,1
DA:110,6
DA:111,6
DA:112,6
DA:113,6
DA:114,6
DA:115,6
DA:116,6
DA:117,6
DA:118,6
DA:119,6
DA:120,6
DA:121,6
DA:122,10
DA:123,1
DA:124,1
DA:125,9
DA:126,10
DA:127,2
DA:128,10
DA:129,7
DA:130,7
DA:131,10
DA:132,6
DA:133,6
DA:134,6
DA:135,9
DA:136,9
DA:137,6
DA:138,6
DA:139,6
DA:140,3
DA:141,3
DA:142,6
DA:143,6
DA:144,6
DA:145,6
DA:146,12
DA:147,12
DA:148,12
DA:149,12
DA:150,12
DA:151,0
DA:152,0
DA:153,12
DA:154,12
DA:155,0
DA:156,0
DA:157,12
DA:158,12
DA:159,12
DA:160,12
DA:161,12
DA:162,12
DA:163,6
DA:164,6
DA:165,6
DA:166,6
DA:167,15
DA:168,15
DA:169,1
DA:170,1
DA:171,14
DA:172,14
DA:173,15
DA:174,0
DA:175,0
DA:176,14
DA:177,14
DA:178,14
DA:179,14
DA:180,14
DA:181,14
DA:182,15
DA:183,0
DA:184,0
DA:185,14
DA:186,14
DA:187,14
DA:188,14
DA:189,14
DA:190,15
DA:191,4
DA:192,4
DA:193,10
DA:194,10
DA:195,10
DA:196,10
DA:197,10
DA:198,10
DA:199,10
DA:200,10
DA:201,10
DA:202,15
DA:203,3
DA:204,3
DA:205,3
DA:206,3
DA:207,3
DA:208,3
DA:209,3
DA:210,3
DA:211,3
DA:212,3
DA:213,3
DA:214,10
DA:215,15
DA:216,8
DA:217,8
DA:218,15
DA:219,10
DA:220,10
DA:221,10
DA:222,10
DA:223,10
DA:224,6
LF:224
LH:208
BRDA:22,0,0,1
BRDA:42,1,0,12
BRDA:43,2,0,0
BRDA:47,3,0,9
BRDA:52,4,0,3
BRDA:55,5,0,0
BRDA:66,6,0,0
BRDA:76,7,0,9
BRDA:80,8,0,9
BRDA:83,9,0,0
BRDA:96,10,0,2
BRDA:97,11,0,2
BRDA:102,12,0,1
BRDA:103,13,0,1
BRDA:110,14,0,6
BRDA:121,15,0,10
BRDA:122,16,0,1
BRDA:125,17,0,9
BRDA:126,18,0,2
BRDA:128,19,0,7
BRDA:134,20,0,9
BRDA:139,21,0,3
BRDA:145,22,0,12
BRDA:150,23,0,0
BRDA:154,24,0,9
BRDA:154,25,0,0
BRDA:160,26,0,3
BRDA:161,27,0,9
BRDA:160,28,0,6
BRDA:166,29,0,15
BRDA:168,30,0,1
BRDA:171,31,0,14
BRDA:173,32,0,0
BRDA:176,33,0,14
BRDA:182,34,0,0
BRDA:185,35,0,14
BRDA:190,36,0,12
BRDA:190,37,0,4
BRDA:193,38,0,10
BRDA:202,39,0,3
BRDA:207,40,0,1
BRDA:207,41,0,2
BRDA:214,42,0,10
BRDA:215,43,0,8
BRDA:218,44,0,10
BRF:45
BRH:37
end_of_record
